<?xml version="1.0" encoding="UTF-8"?>
<!-- Generated by org.testng.reporters.JUnitReportReporter -->
<testsuite skipped="0" hostname="DESKTOP-28PMTP4" name="extentReportsTest.ExtentReportTesting" tests="3" failures="0" timestamp="19 Feb 2019 22:42:43 GMT" time="0.040" errors="0">
  <testcase name="myTest1" time="0.031" classname="extentReportsTest.ExtentReportTesting"/>
  <testcase name="myTest3" time="0.006" classname="extentReportsTest.ExtentReportTesting"/>
  <testcase name="myTest2" time="0.003" classname="extentReportsTest.ExtentReportTesting"/>
</testsuite> <!-- extentReportsTest.ExtentReportTesting -->
