<?xml version="1.0" encoding="UTF-8"?>
<!-- Generated by org.testng.reporters.JUnitReportReporter -->
<testsuite skipped="0" hostname="DESKTOP-28PMTP4" name="batchTesting.PaymentReturns" tests="1" failures="0" timestamp="15 Feb 2019 16:01:17 GMT" time="0.019" errors="0">
  <testcase name="paymentInrupees" time="0.019" classname="batchTesting.PaymentReturns"/>
</testsuite> <!-- batchTesting.PaymentReturns -->
