<?xml version="1.0" encoding="UTF-8"?>
<!-- Generated by org.testng.reporters.JUnitReportReporter -->
<testsuite skipped="0" hostname="DESKTOP-28PMTP4" name="extentReportsTest.PrintTest" tests="1" failures="0" timestamp="16 Feb 2019 19:02:10 GMT" time="0.024" errors="0">
  <testcase name="d" time="0.024" classname="extentReportsTest.PrintTest"/>
</testsuite> <!-- extentReportsTest.PrintTest -->
