<?xml version="1.0" encoding="UTF-8"?>
<!-- Generated by org.testng.reporters.JUnitReportReporter -->
<testsuite skipped="0" hostname="DESKTOP-28PMTP4" name="batchTesting.PaymentTest" tests="2" failures="0" timestamp="15 Feb 2019 16:01:24 GMT" time="0.018" errors="0">
  <testcase name="paymentIndollar" time="0.014" classname="batchTesting.PaymentTest"/>
  <testcase name="paymentInrupees" time="0.004" classname="batchTesting.PaymentTest"/>
</testsuite> <!-- batchTesting.PaymentTest -->
