<?xml version="1.0" encoding="UTF-8"?>
<!-- Generated by org.testng.reporters.JUnitReportReporter -->
<testsuite skipped="0" hostname="DESKTOP-28PMTP4" name="batchTesting.LoginTest" tests="3" failures="0" timestamp="15 Feb 2019 17:02:14 GMT" time="0.020" errors="0">
  <testcase name="loginBytwitter" time="0.002" classname="batchTesting.LoginTest"/>
  <testcase name="loginByemail" time="0.013" classname="batchTesting.LoginTest"/>
  <testcase name="loginByfacebook" time="0.005" classname="batchTesting.LoginTest"/>
</testsuite> <!-- batchTesting.LoginTest -->
