<?xml version="1.0" encoding="UTF-8"?>
<!-- Generated by org.testng.reporters.JUnitReportReporter -->
<testsuite skipped="0" hostname="DESKTOP-28PMTP4" name="batchTesting.SignupTest" tests="3" failures="0" timestamp="15 Feb 2019 17:02:14 GMT" time="0.014" errors="0">
  <testcase name="signupByemail" time="0.003" classname="batchTesting.SignupTest"/>
  <testcase name="signupByfacebook" time="0.005" classname="batchTesting.SignupTest"/>
  <testcase name="signupBytwitter" time="0.006" classname="batchTesting.SignupTest"/>
</testsuite> <!-- batchTesting.SignupTest -->
